<?xml version="1.0" encoding="UTF-8"?>
<testsuite xmlns:xsi="http://www.w3.org/2001/XMLSchema-instance" xsi:noNamespaceSchemaLocation="https://maven.apache.org/surefire/maven-surefire-plugin/xsd/surefire-test-report.xsd" name="mastercard.endtoend.AddCardSuccessHappyPathTest" time="16.025" tests="10" errors="2" skipped="0" failures="0">
  <properties>
[...]
</properties>
  <testcase name="addCardEndToEndFlow1" classname="mastercard.endtoend.AddCardSuccessHappyPathTest" time="4.302">
    <error message="unknown error: Element &lt;button data-v-018953ab=&quot;&quot; disabled=&quot;disabled&quot; type=&quot;submit&quot; class=&quot;btn-submit btn btn--block btn--disabled btn--large primary&quot; data-test=&quot;btn-continue&quot;&gt;...&lt;/button&gt; is not clickable at point (600, 392). Other element would receive the click: &lt;div data-v-018953ab=&quot;&quot; class=&quot;flex xs12&quot;&gt;...&lt;/div&gt;&#10;  (Session info: chrome=65.0.3325.181)&#10;  (Driver info: chromedriver=2.37.544337 (8c0344a12e552148c185f7d5117db1f28d6c9e85),platform=Mac OS X 10.12.6 x86_64) (WARNING: The server did not provide any stacktrace information)&#10;Command duration or timeout: 0 milliseconds&#10;Build info: version: &apos;3.11.0&apos;, revision: &apos;e59cfb3&apos;, time: &apos;2018-03-11T20:26:55.152Z&apos;&#10;System info: host: &apos;C02Q5SDHG8WN&apos;, ip: &apos;fe80:0:0:0:18f3:e103:abcf:1e17%en0&apos;, os.name: &apos;Mac OS X&apos;, os.arch: &apos;x86_64&apos;, os.version: &apos;10.12.6&apos;, java.version: &apos;1.8.0_161&apos;&#10;Driver info: org.openqa.selenium.chrome.ChromeDriver&#10;Capabilities {acceptInsecureCerts: false, acceptSslCerts: false, applicationCacheEnabled: false, browserConnectionEnabled: false, browserName: chrome, chrome: {chromedriverVersion: 2.37.544337 (8c0344a12e5521..., userDataDir: /var/folders/6j/_1hh0ny942g...}, cssSelectorsEnabled: true, databaseEnabled: false, handlesAlerts: true, hasTouchScreen: false, javascriptEnabled: true, locationContextEnabled: true, mobileEmulationEnabled: false, nativeEvents: true, networkConnectionEnabled: false, pageLoadStrategy: normal, platform: MAC, platformName: MAC, rotatable: false, setWindowRect: true, takesHeapSnapshot: true, takesScreenshot: true, unexpectedAlertBehaviour: , unhandledPromptBehavior: , version: 65.0.3325.181, webStorageEnabled: true}&#10;Session ID: 0d5acc11667c557d81f24c31be44d1e9" type="org.openqa.selenium.WebDriverException"><![CDATA[org.openqa.selenium.WebDriverException: 
unknown error: Element <button data-v-018953ab="" disabled="disabled" type="submit" class="btn-submit btn btn--block btn--disabled btn--large primary" data-test="btn-continue">...</button> is not clickable at point (600, 392). Other element would receive the click: <div data-v-018953ab="" class="flex xs12">...</div>
  (Session info: chrome=65.0.3325.181)
  (Driver info: chromedriver=2.37.544337 (8c0344a12e552148c185f7d5117db1f28d6c9e85),platform=Mac OS X 10.12.6 x86_64) (WARNING: The server did not provide any stacktrace information)
Command duration or timeout: 0 milliseconds
Build info: version: '3.11.0', revision: 'e59cfb3', time: '2018-03-11T20:26:55.152Z'
System info: host: 'C02Q5SDHG8WN', ip: 'fe80:0:0:0:18f3:e103:abcf:1e17%en0', os.name: 'Mac OS X', os.arch: 'x86_64', os.version: '10.12.6', java.version: '1.8.0_161'
Driver info: org.openqa.selenium.chrome.ChromeDriver
Capabilities {acceptInsecureCerts: false, acceptSslCerts: false, applicationCacheEnabled: false, browserConnectionEnabled: false, browserName: chrome, chrome: {chromedriverVersion: 2.37.544337 (8c0344a12e5521..., userDataDir: /var/folders/6j/_1hh0ny942g...}, cssSelectorsEnabled: true, databaseEnabled: false, handlesAlerts: true, hasTouchScreen: false, javascriptEnabled: true, locationContextEnabled: true, mobileEmulationEnabled: false, nativeEvents: true, networkConnectionEnabled: false, pageLoadStrategy: normal, platform: MAC, platformName: MAC, rotatable: false, setWindowRect: true, takesHeapSnapshot: true, takesScreenshot: true, unexpectedAlertBehaviour: , unhandledPromptBehavior: , version: 65.0.3325.181, webStorageEnabled: true}
Session ID: 0d5acc11667c557d81f24c31be44d1e9
	at mastercard.endtoend.AddCardSuccessHappyPathTest.e2eflow(AddCardSuccessHappyPathTest.java:47)
	at mastercard.endtoend.AddCardSuccessHappyPathTest.addCardEndToEndFlow1(AddCardSuccessHappyPathTest.java:57)
]]></error>
    <system-out><![CDATA[Starting ChromeDriver 2.37.544337 (8c0344a12e552148c185f7d5117db1f28d6c9e85) on port 29302
Only local connections are allowed.
Mar 29, 2018 10:14:14 AM org.openqa.selenium.remote.ProtocolHandshake createSession
INFO: Detected dialect: OSS
Got Chrome Driver
SETUP PHASE
Got Chrome Driver
]]></system-out>
    <system-err><![CDATA[Starting ChromeDriver 2.37.544337 (8c0344a12e552148c185f7d5117db1f28d6c9e85) on port 44613
Only local connections are allowed.
Mar 29, 2018 10:14:00 AM org.openqa.selenium.remote.ProtocolHandshake createSession
INFO: Detected dialect: OSS
]]></system-err>
  </testcase>
  <testcase name="addCardEndToEndFlow10" classname="mastercard.endtoend.AddCardSuccessHappyPathTest" time="9.112"/>
  <testcase name="addCardEndToEndFlow2" classname="mastercard.endtoend.AddCardSuccessHappyPathTest" time="7.39"/>
  <testcase name="addCardEndToEndFlow3" classname="mastercard.endtoend.AddCardSuccessHappyPathTest" time="3.705"/>
  <testcase name="addCardEndToEndFlow4" classname="mastercard.endtoend.AddCardSuccessHappyPathTest" time="1.035">
    <error message="unknown error: Element &lt;button data-v-018953ab=&quot;&quot; disabled=&quot;disabled&quot; type=&quot;submit&quot; class=&quot;btn-submit btn btn--block btn--disabled btn--large primary&quot; data-test=&quot;btn-continue&quot;&gt;...&lt;/button&gt; is not clickable at point (600, 392). Other element would receive the click: &lt;div data-v-018953ab=&quot;&quot; class=&quot;flex xs12&quot;&gt;...&lt;/div&gt;&#10;  (Session info: chrome=65.0.3325.181)&#10;  (Driver info: chromedriver=2.37.544337 (8c0344a12e552148c185f7d5117db1f28d6c9e85),platform=Mac OS X 10.12.6 x86_64) (WARNING: The server did not provide any stacktrace information)&#10;Command duration or timeout: 0 milliseconds&#10;Build info: version: &apos;3.11.0&apos;, revision: &apos;e59cfb3&apos;, time: &apos;2018-03-11T20:26:55.152Z&apos;&#10;System info: host: &apos;C02Q5SDHG8WN&apos;, ip: &apos;fe80:0:0:0:18f3:e103:abcf:1e17%en0&apos;, os.name: &apos;Mac OS X&apos;, os.arch: &apos;x86_64&apos;, os.version: &apos;10.12.6&apos;, java.version: &apos;1.8.0_161&apos;&#10;Driver info: org.openqa.selenium.chrome.ChromeDriver&#10;Capabilities {acceptInsecureCerts: false, acceptSslCerts: false, applicationCacheEnabled: false, browserConnectionEnabled: false, browserName: chrome, chrome: {chromedriverVersion: 2.37.544337 (8c0344a12e5521..., userDataDir: /var/folders/6j/_1hh0ny942g...}, cssSelectorsEnabled: true, databaseEnabled: false, handlesAlerts: true, hasTouchScreen: false, javascriptEnabled: true, locationContextEnabled: true, mobileEmulationEnabled: false, nativeEvents: true, networkConnectionEnabled: false, pageLoadStrategy: normal, platform: MAC, platformName: MAC, rotatable: false, setWindowRect: true, takesHeapSnapshot: true, takesScreenshot: true, unexpectedAlertBehaviour: , unhandledPromptBehavior: , version: 65.0.3325.181, webStorageEnabled: true}&#10;Session ID: 57f47868af573c0ccdac18fef938b179" type="org.openqa.selenium.WebDriverException"><![CDATA[org.openqa.selenium.WebDriverException: 
unknown error: Element <button data-v-018953ab="" disabled="disabled" type="submit" class="btn-submit btn btn--block btn--disabled btn--large primary" data-test="btn-continue">...</button> is not clickable at point (600, 392). Other element would receive the click: <div data-v-018953ab="" class="flex xs12">...</div>
  (Session info: chrome=65.0.3325.181)
  (Driver info: chromedriver=2.37.544337 (8c0344a12e552148c185f7d5117db1f28d6c9e85),platform=Mac OS X 10.12.6 x86_64) (WARNING: The server did not provide any stacktrace information)
Command duration or timeout: 0 milliseconds
Build info: version: '3.11.0', revision: 'e59cfb3', time: '2018-03-11T20:26:55.152Z'
System info: host: 'C02Q5SDHG8WN', ip: 'fe80:0:0:0:18f3:e103:abcf:1e17%en0', os.name: 'Mac OS X', os.arch: 'x86_64', os.version: '10.12.6', java.version: '1.8.0_161'
Driver info: org.openqa.selenium.chrome.ChromeDriver
Capabilities {acceptInsecureCerts: false, acceptSslCerts: false, applicationCacheEnabled: false, browserConnectionEnabled: false, browserName: chrome, chrome: {chromedriverVersion: 2.37.544337 (8c0344a12e5521..., userDataDir: /var/folders/6j/_1hh0ny942g...}, cssSelectorsEnabled: true, databaseEnabled: false, handlesAlerts: true, hasTouchScreen: false, javascriptEnabled: true, locationContextEnabled: true, mobileEmulationEnabled: false, nativeEvents: true, networkConnectionEnabled: false, pageLoadStrategy: normal, platform: MAC, platformName: MAC, rotatable: false, setWindowRect: true, takesHeapSnapshot: true, takesScreenshot: true, unexpectedAlertBehaviour: , unhandledPromptBehavior: , version: 65.0.3325.181, webStorageEnabled: true}
Session ID: 57f47868af573c0ccdac18fef938b179
	at mastercard.endtoend.AddCardSuccessHappyPathTest.e2eflow(AddCardSuccessHappyPathTest.java:47)
	at mastercard.endtoend.AddCardSuccessHappyPathTest.addCardEndToEndFlow4(AddCardSuccessHappyPathTest.java:90)
]]></error>
    <system-out><![CDATA[SETUP PHASE
]]></system-out>
  </testcase>
  <testcase name="addCardEndToEndFlow5" classname="mastercard.endtoend.AddCardSuccessHappyPathTest" time="3.579"/>
  <testcase name="addCardEndToEndFlow6" classname="mastercard.endtoend.AddCardSuccessHappyPathTest" time="3.828"/>
  <testcase name="addCardEndToEndFlow7" classname="mastercard.endtoend.AddCardSuccessHappyPathTest" time="4.891"/>
  <testcase name="addCardEndToEndFlow8" classname="mastercard.endtoend.AddCardSuccessHappyPathTest" time="3.523"/>
  <testcase name="addCardEndToEndFlow9" classname="mastercard.endtoend.AddCardSuccessHappyPathTest" time="3.767"/>
</testsuite>